<?xml version="1.0" encoding="UTF-8"?>
<testsuite name="runners.individual_runners.LoginRunner" tests="1" skipped="0" failures="0" errors="0" timestamp="2023-08-19T05:19:37" hostname="LANDO" time="8.497">
  <properties/>
  <testcase name="Successful login" classname="runners.individual_runners.LoginRunner" time="8.497"/>
  <system-out><![CDATA[
Scenario: Successful login                                    ?[90m# src/main/java/project/features/login/successful_login.feature:2?[0m
  ?[32mGiven ?[0m?[32mapp is open?[0m                                           ?[90m# project.steps_definition.CommonSteps.validateAppOpen()?[0m
  ?[32mWhen ?[0m?[32mentering email ?[0m?[32m?[1mstandard_user?[0m?[32m and password ?[0m?[32m?[1msecret_sauce?[0m ?[90m# project.steps_definition.LoginSteps.setUserCredentials(java.lang.String,java.lang.String)?[0m
  ?[32mAnd ?[0m?[32mpress login button?[0m                                      ?[90m# project.steps_definition.LoginSteps.pressLoginButton()?[0m
  ?[32mThen ?[0m?[32mverify user successfully logged in?[0m                     ?[90m# project.steps_definition.LoginSteps.successfulLogin()?[0m
]]></system-out>
  <system-err><![CDATA[SLF4J: Failed to load class "org.slf4j.impl.StaticLoggerBinder".
SLF4J: Defaulting to no-operation (NOP) logger implementation
SLF4J: See http://www.slf4j.org/codes.html#StaticLoggerBinder for further details.
Starting ChromeDriver 116.0.5845.96 (1a391816688002153ef791ffe60d9e899a71a037-refs/branch-heads/5845@{#1382}) on port 39873
Only local connections are allowed.
Please see https://chromedriver.chromium.org/security-considerations for suggestions on keeping ChromeDriver safe.
ChromeDriver was started successfully.
ago 18, 2023 11:19:41 P. M. org.openqa.selenium.devtools.CdpVersionFinder findNearestMatch
WARNING: Unable to find CDP implementation matching 116
ago 18, 2023 11:19:41 P. M. org.openqa.selenium.chromium.ChromiumDriver lambda$new$3
WARNING: Unable to find version of CDP to use for . You may need to include a dependency on a specific version of the CDP using something similar to `org.seleniumhq.selenium:selenium-devtools-v86:4.6.0` where the version ("v86") matches the version of the chromium-based browser you're using and the version number of the artifact is the same as Selenium's.
?[32m?[1m┌──────────────────────────────────────────────────────────────────────────┐?[0m
?[32m?[1m│?[0m View your Cucumber Report at:                                            ?[32m?[1m│?[0m
?[32m?[1m│?[0m ?[1m?[36m?[4mhttps://reports.cucumber.io/reports/8316157c-5855-4cff-a449-70997d43a54d?[0m ?[32m?[1m│?[0m
?[32m?[1m│?[0m                                                                          ?[32m?[1m│?[0m
?[32m?[1m│?[0m ?[1mThis report will self-destruct in 24h.?[0m                                   ?[32m?[1m│?[0m
?[32m?[1m│?[0m Keep reports forever: ?[4m?[1m?[36mhttps://reports.cucumber.io/profile?[0m                ?[32m?[1m│?[0m
?[32m?[1m└──────────────────────────────────────────────────────────────────────────┘?[0m]]></system-err>
</testsuite>
